This is pdfTeX, Version 3.1415926-2.5-1.40.14 (TeX Live 2013) (format=pdflatex 2014.4.16)  23 JAN 2017 12:34
entering extended mode
 restricted \write18 enabled.
 %&-line parsing enabled.
**PaperV2.tex
(./PaperV2.tex
LaTeX2e <2011/06/27>
Babel <3.9f> and hyphenation patterns for 78 languages loaded.
(/usr/local/texlive/2013/texmf-dist/tex/latex/base/article.cls
Document Class: article 2007/10/19 v1.4h Standard LaTeX document class
(/usr/local/texlive/2013/texmf-dist/tex/latex/base/size10.clo
File: size10.clo 2007/10/19 v1.4h Standard LaTeX file (size option)
)
\c@part=\count79
\c@section=\count80
\c@subsection=\count81
\c@subsubsection=\count82
\c@paragraph=\count83
\c@subparagraph=\count84
\c@figure=\count85
\c@table=\count86
\abovecaptionskip=\skip41
\belowcaptionskip=\skip42
\bibindent=\dimen102
)
(/usr/local/texlive/2013/texmf-dist/tex/latex/amsmath/amsmath.sty
Package: amsmath 2013/01/14 v2.14 AMS math features
\@mathmargin=\skip43

For additional information on amsmath, use the `?' option.
(/usr/local/texlive/2013/texmf-dist/tex/latex/amsmath/amstext.sty
Package: amstext 2000/06/29 v2.01

(/usr/local/texlive/2013/texmf-dist/tex/latex/amsmath/amsgen.sty
File: amsgen.sty 1999/11/30 v2.0
\@emptytoks=\toks14
\ex@=\dimen103
))
(/usr/local/texlive/2013/texmf-dist/tex/latex/amsmath/amsbsy.sty
Package: amsbsy 1999/11/29 v1.2d
\pmbraise@=\dimen104
)
(/usr/local/texlive/2013/texmf-dist/tex/latex/amsmath/amsopn.sty
Package: amsopn 1999/12/14 v2.01 operator names
)
\inf@bad=\count87
LaTeX Info: Redefining \frac on input line 210.
\uproot@=\count88
\leftroot@=\count89
LaTeX Info: Redefining \overline on input line 306.
\classnum@=\count90
\DOTSCASE@=\count91
LaTeX Info: Redefining \ldots on input line 378.
LaTeX Info: Redefining \dots on input line 381.
LaTeX Info: Redefining \cdots on input line 466.
\Mathstrutbox@=\box26
\strutbox@=\box27
\big@size=\dimen105
LaTeX Font Info:    Redeclaring font encoding OML on input line 566.
LaTeX Font Info:    Redeclaring font encoding OMS on input line 567.
\macc@depth=\count92
\c@MaxMatrixCols=\count93
\dotsspace@=\muskip10
\c@parentequation=\count94
\dspbrk@lvl=\count95
\tag@help=\toks15
\row@=\count96
\column@=\count97
\maxfields@=\count98
\andhelp@=\toks16
\eqnshift@=\dimen106
\alignsep@=\dimen107
\tagshift@=\dimen108
\tagwidth@=\dimen109
\totwidth@=\dimen110
\lineht@=\dimen111
\@envbody=\toks17
\multlinegap=\skip44
\multlinetaggap=\skip45
\mathdisplay@stack=\toks18
LaTeX Info: Redefining \[ on input line 2665.
LaTeX Info: Redefining \] on input line 2666.
)
(/usr/local/texlive/2013/texmf-dist/tex/latex/graphics/graphicx.sty
Package: graphicx 1999/02/16 v1.0f Enhanced LaTeX Graphics (DPC,SPQR)

(/usr/local/texlive/2013/texmf-dist/tex/latex/graphics/keyval.sty
Package: keyval 1999/03/16 v1.13 key=value parser (DPC)
\KV@toks@=\toks19
)
(/usr/local/texlive/2013/texmf-dist/tex/latex/graphics/graphics.sty
Package: graphics 2009/02/05 v1.0o Standard LaTeX Graphics (DPC,SPQR)

(/usr/local/texlive/2013/texmf-dist/tex/latex/graphics/trig.sty
Package: trig 1999/03/16 v1.09 sin cos tan (DPC)
)
(/usr/local/texlive/2013/texmf-dist/tex/latex/latexconfig/graphics.cfg
File: graphics.cfg 2010/04/23 v1.9 graphics configuration of TeX Live
)
Package graphics Info: Driver file: pdftex.def on input line 91.

(/usr/local/texlive/2013/texmf-dist/tex/latex/pdftex-def/pdftex.def
File: pdftex.def 2011/05/27 v0.06d Graphics/color for pdfTeX

(/usr/local/texlive/2013/texmf-dist/tex/generic/oberdiek/infwarerr.sty
Package: infwarerr 2010/04/08 v1.3 Providing info/warning/error messages (HO)
)
(/usr/local/texlive/2013/texmf-dist/tex/generic/oberdiek/ltxcmds.sty
Package: ltxcmds 2011/11/09 v1.22 LaTeX kernel commands for general use (HO)
)
\Gread@gobject=\count99
))
\Gin@req@height=\dimen112
\Gin@req@width=\dimen113
)
(/usr/local/texlive/2013/texmf-dist/tex/latex/placeins/placeins.sty
Package: placeins 2005/04/18  v 2.2
)
(./PaperV2.aux)
\openout1 = `PaperV2.aux'.

LaTeX Font Info:    Checking defaults for OML/cmm/m/it on input line 5.
LaTeX Font Info:    ... okay on input line 5.
LaTeX Font Info:    Checking defaults for T1/cmr/m/n on input line 5.
LaTeX Font Info:    ... okay on input line 5.
LaTeX Font Info:    Checking defaults for OT1/cmr/m/n on input line 5.
LaTeX Font Info:    ... okay on input line 5.
LaTeX Font Info:    Checking defaults for OMS/cmsy/m/n on input line 5.
LaTeX Font Info:    ... okay on input line 5.
LaTeX Font Info:    Checking defaults for OMX/cmex/m/n on input line 5.
LaTeX Font Info:    ... okay on input line 5.
LaTeX Font Info:    Checking defaults for U/cmr/m/n on input line 5.
LaTeX Font Info:    ... okay on input line 5.

(/usr/local/texlive/2013/texmf-dist/tex/context/base/supp-pdf.mkii
[Loading MPS to PDF converter (version 2006.09.02).]
\scratchcounter=\count100
\scratchdimen=\dimen114
\scratchbox=\box28
\nofMPsegments=\count101
\nofMParguments=\count102
\everyMPshowfont=\toks20
\MPscratchCnt=\count103
\MPscratchDim=\dimen115
\MPnumerator=\count104
\makeMPintoPDFobject=\count105
\everyMPtoPDFconversion=\toks21
) (/usr/local/texlive/2013/texmf-dist/tex/generic/oberdiek/pdftexcmds.sty
Package: pdftexcmds 2011/11/29 v0.20 Utility functions of pdfTeX for LuaTeX (HO
)

(/usr/local/texlive/2013/texmf-dist/tex/generic/oberdiek/ifluatex.sty
Package: ifluatex 2010/03/01 v1.3 Provides the ifluatex switch (HO)
Package ifluatex Info: LuaTeX not detected.
)
(/usr/local/texlive/2013/texmf-dist/tex/generic/oberdiek/ifpdf.sty
Package: ifpdf 2011/01/30 v2.3 Provides the ifpdf switch (HO)
Package ifpdf Info: pdfTeX in PDF mode is detected.
)
Package pdftexcmds Info: LuaTeX not detected.
Package pdftexcmds Info: \pdf@primitive is available.
Package pdftexcmds Info: \pdf@ifprimitive is available.
Package pdftexcmds Info: \pdfdraftmode found.
)
(/usr/local/texlive/2013/texmf-dist/tex/latex/oberdiek/epstopdf-base.sty
Package: epstopdf-base 2010/02/09 v2.5 Base part for package epstopdf

(/usr/local/texlive/2013/texmf-dist/tex/latex/oberdiek/grfext.sty
Package: grfext 2010/08/19 v1.1 Manage graphics extensions (HO)

(/usr/local/texlive/2013/texmf-dist/tex/generic/oberdiek/kvdefinekeys.sty
Package: kvdefinekeys 2011/04/07 v1.3 Define keys (HO)
))
(/usr/local/texlive/2013/texmf-dist/tex/latex/oberdiek/kvoptions.sty
Package: kvoptions 2011/06/30 v3.11 Key value format for package options (HO)

(/usr/local/texlive/2013/texmf-dist/tex/generic/oberdiek/kvsetkeys.sty
Package: kvsetkeys 2012/04/25 v1.16 Key value parser (HO)

(/usr/local/texlive/2013/texmf-dist/tex/generic/oberdiek/etexcmds.sty
Package: etexcmds 2011/02/16 v1.5 Avoid name clashes with e-TeX commands (HO)
Package etexcmds Info: Could not find \expanded.
(etexcmds)             That can mean that you are not using pdfTeX 1.50 or
(etexcmds)             that some package has redefined \expanded.
(etexcmds)             In the latter case, load this package earlier.
)))
Package grfext Info: Graphics extension search list:
(grfext)             [.png,.pdf,.jpg,.mps,.jpeg,.jbig2,.jb2,.PNG,.PDF,.JPG,.JPE
G,.JBIG2,.JB2,.eps]
(grfext)             \AppendGraphicsExtensions on input line 452.

(/usr/local/texlive/2013/texmf-dist/tex/latex/latexconfig/epstopdf-sys.cfg
File: epstopdf-sys.cfg 2010/07/13 v1.3 Configuration of (r)epstopdf for TeX Liv
e
))
[1

{/usr/local/texlive/2013/texmf-var/fonts/map/pdftex/updmap/pdftex.map}]
</Users/Christian/Statistik_Studium/EconProject/Code/Graphics/plotMeanWages.png
, id=10, 2132.96875pt x 1422.31375pt>
File: /Users/Christian/Statistik_Studium/EconProject/Code/Graphics/plotMeanWage
s.png Graphic file (type png)

<use /Users/Christian/Statistik_Studium/EconProject/Code/Graphics/plotMeanWages
.png>
Package pdftex.def Info: /Users/Christian/Statistik_Studium/EconProject/Code/Gr
aphics/plotMeanWages.png used on input line 32.
(pdftex.def)             Requested size: 345.0pt x 230.04897pt.


LaTeX Warning: `!h' float specifier changed to `!ht'.


</Users/Christian/Statistik_Studium/EconProject/Code/Graphics/plotMeanWagesByTo
talExp.png, id=12, 2132.96875pt x 1422.31375pt>
File: /Users/Christian/Statistik_Studium/EconProject/Code/Graphics/plotMeanWage
sByTotalExp.png Graphic file (type png)

<use /Users/Christian/Statistik_Studium/EconProject/Code/Graphics/plotMeanWages
ByTotalExp.png>
Package pdftex.def Info: /Users/Christian/Statistik_Studium/EconProject/Code/Gr
aphics/plotMeanWagesByTotalExp.png used on input line 39.
(pdftex.def)             Requested size: 345.0pt x 230.04897pt.


LaTeX Warning: `!h' float specifier changed to `!ht'.


</Users/Christian/Statistik_Studium/EconProject/Code/Graphics/plotMeanWagesByOl
dExp.png, id=13, 2132.96875pt x 1422.31375pt>
File: /Users/Christian/Statistik_Studium/EconProject/Code/Graphics/plotMeanWage
sByOldExp.png Graphic file (type png)

<use /Users/Christian/Statistik_Studium/EconProject/Code/Graphics/plotMeanWages
ByOldExp.png>
Package pdftex.def Info: /Users/Christian/Statistik_Studium/EconProject/Code/Gr
aphics/plotMeanWagesByOldExp.png used on input line 46.
(pdftex.def)             Requested size: 345.0pt x 230.04897pt.


LaTeX Warning: `!h' float specifier changed to `!ht'.


</Users/Christian/Statistik_Studium/EconProject/Code/Graphics/plotMeanWagesByNe
wExp.png, id=14, 2132.96875pt x 1422.31375pt>
File: /Users/Christian/Statistik_Studium/EconProject/Code/Graphics/plotMeanWage
sByNewExp.png Graphic file (type png)

<use /Users/Christian/Statistik_Studium/EconProject/Code/Graphics/plotMeanWages
ByNewExp.png>
Package pdftex.def Info: /Users/Christian/Statistik_Studium/EconProject/Code/Gr
aphics/plotMeanWagesByNewExp.png used on input line 53.
(pdftex.def)             Requested size: 345.0pt x 230.04897pt.


LaTeX Warning: `!h' float specifier changed to `!ht'.


</Users/Christian/Statistik_Studium/EconProject/Code/Graphics/plotMeanWagesByTo
talEdu.png, id=15, 2132.96875pt x 1422.31375pt>
File: /Users/Christian/Statistik_Studium/EconProject/Code/Graphics/plotMeanWage
sByTotalEdu.png Graphic file (type png)

<use /Users/Christian/Statistik_Studium/EconProject/Code/Graphics/plotMeanWages
ByTotalEdu.png>
Package pdftex.def Info: /Users/Christian/Statistik_Studium/EconProject/Code/Gr
aphics/plotMeanWagesByTotalEdu.png used on input line 60.
(pdftex.def)             Requested size: 345.0pt x 230.04897pt.


LaTeX Warning: `!h' float specifier changed to `!ht'.


</Users/Christian/Statistik_Studium/EconProject/Code/Graphics/plotMeanWagesByAg
eGroup.png, id=16, 2132.96875pt x 1422.31375pt>
File: /Users/Christian/Statistik_Studium/EconProject/Code/Graphics/plotMeanWage
sByAgeGroup.png Graphic file (type png)

<use /Users/Christian/Statistik_Studium/EconProject/Code/Graphics/plotMeanWages
ByAgeGroup.png>
Package pdftex.def Info: /Users/Christian/Statistik_Studium/EconProject/Code/Gr
aphics/plotMeanWagesByAgeGroup.png used on input line 67.
(pdftex.def)             Requested size: 345.0pt x 230.04897pt.


LaTeX Warning: `!h' float specifier changed to `!ht'.


</Users/Christian/Statistik_Studium/EconProject/Code/Graphics/plotMeanWagesBySk
illGroup.png, id=17, 2132.96875pt x 1422.31375pt>
File: /Users/Christian/Statistik_Studium/EconProject/Code/Graphics/plotMeanWage
sBySkillGroup.png Graphic file (type png)

<use /Users/Christian/Statistik_Studium/EconProject/Code/Graphics/plotMeanWages
BySkillGroup.png>
Package pdftex.def Info: /Users/Christian/Statistik_Studium/EconProject/Code/Gr
aphics/plotMeanWagesBySkillGroup.png used on input line 74.
(pdftex.def)             Requested size: 345.0pt x 230.04897pt.


LaTeX Warning: `!h' float specifier changed to `!ht'.

[2]

LaTeX Warning: Text page 3 contains only floats.

[3 </Users/Christian/Statistik_Studium/EconProject/Code/Graphics/plotMeanWages.
png> </Users/Christian/Statistik_Studium/EconProject/Code/Graphics/plotMeanWage
sByTotalExp.png>]

LaTeX Warning: Text page 4 contains only floats.

[4 </Users/Christian/Statistik_Studium/EconProject/Code/Graphics/plotMeanWagesB
yOldExp.png> </Users/Christian/Statistik_Studium/EconProject/Code/Graphics/plot
MeanWagesByNewExp.png>]

LaTeX Warning: Text page 5 contains only floats.

[5 </Users/Christian/Statistik_Studium/EconProject/Code/Graphics/plotMeanWagesB
yTotalEdu.png> </Users/Christian/Statistik_Studium/EconProject/Code/Graphics/pl
otMeanWagesByAgeGroup.png>] [6 </Users/Christian/Statistik_Studium/EconProject/
Code/Graphics/plotMeanWagesBySkillGroup.png>]
</Users/Christian/Statistik_Studium/EconProject/Code/Graphics/plotMeanExp.png, 
id=40, 2132.96875pt x 1422.31375pt>
File: /Users/Christian/Statistik_Studium/EconProject/Code/Graphics/plotMeanExp.
png Graphic file (type png)

<use /Users/Christian/Statistik_Studium/EconProject/Code/Graphics/plotMeanExp.p
ng>
Package pdftex.def Info: /Users/Christian/Statistik_Studium/EconProject/Code/Gr
aphics/plotMeanExp.png used on input line 91.
(pdftex.def)             Requested size: 345.0pt x 230.04897pt.

</Users/Christian/Statistik_Studium/EconProject/Code/Graphics/plotMeanExpByAgeG
roup.png, id=41, 2132.96875pt x 1422.31375pt>
File: /Users/Christian/Statistik_Studium/EconProject/Code/Graphics/plotMeanExpB
yAgeGroup.png Graphic file (type png)

<use /Users/Christian/Statistik_Studium/EconProject/Code/Graphics/plotMeanExpBy
AgeGroup.png>
Package pdftex.def Info: /Users/Christian/Statistik_Studium/EconProject/Code/Gr
aphics/plotMeanExpByAgeGroup.png used on input line 98.
(pdftex.def)             Requested size: 345.0pt x 230.04897pt.


LaTeX Warning: `!h' float specifier changed to `!ht'.


</Users/Christian/Statistik_Studium/EconProject/Code/Graphics/plotMeanExpBySkil
lGroup.png, id=42, 2132.96875pt x 1422.31375pt>
File: /Users/Christian/Statistik_Studium/EconProject/Code/Graphics/plotMeanExpB
ySkillGroup.png Graphic file (type png)

<use /Users/Christian/Statistik_Studium/EconProject/Code/Graphics/plotMeanExpBy
SkillGroup.png>
Package pdftex.def Info: /Users/Christian/Statistik_Studium/EconProject/Code/Gr
aphics/plotMeanExpBySkillGroup.png used on input line 105.
(pdftex.def)             Requested size: 345.0pt x 230.04897pt.


LaTeX Warning: `!h' float specifier changed to `!ht'.


</Users/Christian/Statistik_Studium/EconProject/Code/Graphics/plotMeanEdu.png, 
id=43, 2132.96875pt x 1422.31375pt>
File: /Users/Christian/Statistik_Studium/EconProject/Code/Graphics/plotMeanEdu.
png Graphic file (type png)

<use /Users/Christian/Statistik_Studium/EconProject/Code/Graphics/plotMeanEdu.p
ng>
Package pdftex.def Info: /Users/Christian/Statistik_Studium/EconProject/Code/Gr
aphics/plotMeanEdu.png used on input line 112.
(pdftex.def)             Requested size: 345.0pt x 230.04897pt.


LaTeX Warning: `!h' float specifier changed to `!ht'.


</Users/Christian/Statistik_Studium/EconProject/Code/Graphics/plotMeanEduByAgeG
roup.png, id=44, 2132.96875pt x 1422.31375pt>
File: /Users/Christian/Statistik_Studium/EconProject/Code/Graphics/plotMeanEduB
yAgeGroup.png Graphic file (type png)

<use /Users/Christian/Statistik_Studium/EconProject/Code/Graphics/plotMeanEduBy
AgeGroup.png>
Package pdftex.def Info: /Users/Christian/Statistik_Studium/EconProject/Code/Gr
aphics/plotMeanEduByAgeGroup.png used on input line 119.
(pdftex.def)             Requested size: 345.0pt x 230.04897pt.


LaTeX Warning: `!h' float specifier changed to `!ht'.

[7 </Users/Christian/Statistik_Studium/EconProject/Code/Graphics/plotMeanExp.pn
g>]

LaTeX Warning: Text page 8 contains only floats.

[8 </Users/Christian/Statistik_Studium/EconProject/Code/Graphics/plotMeanExpByA
geGroup.png> </Users/Christian/Statistik_Studium/EconProject/Code/Graphics/plot
MeanExpBySkillGroup.png>]

LaTeX Warning: Text page 9 contains only floats.

[9 </Users/Christian/Statistik_Studium/EconProject/Code/Graphics/plotMeanEdu.pn
g> </Users/Christian/Statistik_Studium/EconProject/Code/Graphics/plotMeanEduByA
geGroup.png>]
Overfull \hbox (22.11836pt too wide) in paragraph at lines 146--147
[]\OT1/cmr/m/n/10 Total years of full time ex-pe-ri-ence gained both pre- and p
ost-reunification.
 []

[10]
</Users/Christian/Statistik_Studium/EconProject/Code/Graphics/plotDiffCompariso
nEdu.png, id=68, 2132.96875pt x 1422.31375pt>
File: /Users/Christian/Statistik_Studium/EconProject/Code/Graphics/plotDiffComp
arisonEdu.png Graphic file (type png)

<use /Users/Christian/Statistik_Studium/EconProject/Code/Graphics/plotDiffCompa
risonEdu.png>
Package pdftex.def Info: /Users/Christian/Statistik_Studium/EconProject/Code/Gr
aphics/plotDiffComparisonEdu.png used on input line 167.
(pdftex.def)             Requested size: 345.0pt x 230.04897pt.

Overfull \hbox (3.58388pt too wide) in paragraph at lines 172--173
[]\OT1/cmr/m/n/10 Looking at the re-sult-ing re-turns to ex-pe-ri-ence a very d
if-fer-ent pic-ture emerges: 
 []

[11 </Users/Christian/Statistik_Studium/EconProject/Code/Graphics/plotDiffCompa
risonEdu.png>]
</Users/Christian/Statistik_Studium/EconProject/Code/Graphics/plotDiffCompariso
nExp.png, id=73, 2132.96875pt x 1422.31375pt>
File: /Users/Christian/Statistik_Studium/EconProject/Code/Graphics/plotDiffComp
arisonExp.png Graphic file (type png)

<use /Users/Christian/Statistik_Studium/EconProject/Code/Graphics/plotDiffCompa
risonExp.png>
Package pdftex.def Info: /Users/Christian/Statistik_Studium/EconProject/Code/Gr
aphics/plotDiffComparisonExp.png used on input line 182.
(pdftex.def)             Requested size: 345.0pt x 230.04897pt.
 [12 </Users/Christian/Statistik_Studium/EconProject/Code/Graphics/plotDiffComp
arisonExp.png>]
</Users/Christian/Statistik_Studium/EconProject/Code/Graphics/plotHumanCapitalE
xp.png, id=78, 2132.96875pt x 1422.31375pt>
File: /Users/Christian/Statistik_Studium/EconProject/Code/Graphics/plotHumanCap
italExp.png Graphic file (type png)

<use /Users/Christian/Statistik_Studium/EconProject/Code/Graphics/plotHumanCapi
talExp.png>
Package pdftex.def Info: /Users/Christian/Statistik_Studium/EconProject/Code/Gr
aphics/plotHumanCapitalExp.png used on input line 211.
(pdftex.def)             Requested size: 345.0pt x 230.04897pt.

</Users/Christian/Statistik_Studium/EconProject/Code/Graphics/plotHumanCapitalE
du.png, id=79, 2132.96875pt x 1422.31375pt>
File: /Users/Christian/Statistik_Studium/EconProject/Code/Graphics/plotHumanCap
italEdu.png Graphic file (type png)

<use /Users/Christian/Statistik_Studium/EconProject/Code/Graphics/plotHumanCapi
talEdu.png>
Package pdftex.def Info: /Users/Christian/Statistik_Studium/EconProject/Code/Gr
aphics/plotHumanCapitalEdu.png used on input line 218.
(pdftex.def)             Requested size: 345.0pt x 230.04897pt.


LaTeX Warning: `!h' float specifier changed to `!ht'.

[13 </Users/Christian/Statistik_Studium/EconProject/Code/Graphics/plotHumanCapi
talExp.png>]
</Users/Christian/Statistik_Studium/EconProject/Code/Graphics/plotDiffCompariso
nExpByAgeGroup.png, id=85, 2132.96875pt x 1422.31375pt>
File: /Users/Christian/Statistik_Studium/EconProject/Code/Graphics/plotDiffComp
arisonExpByAgeGroup.png Graphic file (type png)

<use /Users/Christian/Statistik_Studium/EconProject/Code/Graphics/plotDiffCompa
risonExpByAgeGroup.png>
Package pdftex.def Info: /Users/Christian/Statistik_Studium/EconProject/Code/Gr
aphics/plotDiffComparisonExpByAgeGroup.png used on input line 237.
(pdftex.def)             Requested size: 345.0pt x 230.04897pt.


LaTeX Warning: `!h' float specifier changed to `!ht'.

[14 </Users/Christian/Statistik_Studium/EconProject/Code/Graphics/plotHumanCapi
talEdu.png>]
</Users/Christian/Statistik_Studium/EconProject/Code/Graphics/plotHumanCapitalE
xpByAgeGroup.png, id=90, 2132.96875pt x 1422.31375pt>
File: /Users/Christian/Statistik_Studium/EconProject/Code/Graphics/plotHumanCap
italExpByAgeGroup.png Graphic file (type png)

<use /Users/Christian/Statistik_Studium/EconProject/Code/Graphics/plotHumanCapi
talExpByAgeGroup.png>
Package pdftex.def Info: /Users/Christian/Statistik_Studium/EconProject/Code/Gr
aphics/plotHumanCapitalExpByAgeGroup.png used on input line 254.
(pdftex.def)             Requested size: 345.0pt x 230.04897pt.


LaTeX Warning: `!h' float specifier changed to `!ht'.

[15 </Users/Christian/Statistik_Studium/EconProject/Code/Graphics/plotDiffCompa
risonExpByAgeGroup.png>]
</Users/Christian/Statistik_Studium/EconProject/Code/Graphics/plotDiffCompariso
nExpBySkillGroup.png, id=95, 2132.96875pt x 1422.31375pt>
File: /Users/Christian/Statistik_Studium/EconProject/Code/Graphics/plotDiffComp
arisonExpBySkillGroup.png Graphic file (type png)

<use /Users/Christian/Statistik_Studium/EconProject/Code/Graphics/plotDiffCompa
risonExpBySkillGroup.png>
Package pdftex.def Info: /Users/Christian/Statistik_Studium/EconProject/Code/Gr
aphics/plotDiffComparisonExpBySkillGroup.png used on input line 281.
(pdftex.def)             Requested size: 345.0pt x 230.04897pt.


LaTeX Warning: `!h' float specifier changed to `!ht'.


</Users/Christian/Statistik_Studium/EconProject/Code/Graphics/plotHumanCapitalE
xpBySkillGroup.png, id=96, 2132.96875pt x 1422.31375pt>
File: /Users/Christian/Statistik_Studium/EconProject/Code/Graphics/plotHumanCap
italExpBySkillGroup.png Graphic file (type png)

<use /Users/Christian/Statistik_Studium/EconProject/Code/Graphics/plotHumanCapi
talExpBySkillGroup.png>
Package pdftex.def Info: /Users/Christian/Statistik_Studium/EconProject/Code/Gr
aphics/plotHumanCapitalExpBySkillGroup.png used on input line 288.
(pdftex.def)             Requested size: 345.0pt x 230.04897pt.


LaTeX Warning: `!h' float specifier changed to `!ht'.

[16 </Users/Christian/Statistik_Studium/EconProject/Code/Graphics/plotHumanCapi
talExpByAgeGroup.png>] [17 </Users/Christian/Statistik_Studium/EconProject/Code
/Graphics/plotDiffComparisonExpBySkillGroup.png> </Users/Christian/Statistik_St
udium/EconProject/Code/Graphics/plotHumanCapitalExpBySkillGroup.png>]
No file PaperV2.bbl.
[18

] (./PaperV2.aux) ) 
Here is how much of TeX's memory you used:
 2230 strings out of 493315
 37003 string characters out of 6137904
 92716 words of memory out of 5000000
 5647 multiletter control sequences out of 15000+600000
 9369 words of font info for 34 fonts, out of 8000000 for 9000
 957 hyphenation exceptions out of 8191
 37i,15n,23p,1200b,229s stack positions out of 5000i,500n,10000p,200000b,80000s
</usr/local/texlive/2013/texmf-dist/fonts/type1/public/amsfo
nts/cm/cmbx10.pfb></usr/local/texlive/2013/texmf-dist/fonts/type1/public/amsfon
ts/cm/cmbx12.pfb></usr/local/texlive/2013/texmf-dist/fonts/type1/public/amsfont
s/cm/cmmi10.pfb></usr/local/texlive/2013/texmf-dist/fonts/type1/public/amsfonts
/cm/cmmi7.pfb></usr/local/texlive/2013/texmf-dist/fonts/type1/public/amsfonts/c
m/cmr10.pfb></usr/local/texlive/2013/texmf-dist/fonts/type1/public/amsfonts/cm/
cmr12.pfb></usr/local/texlive/2013/texmf-dist/fonts/type1/public/amsfonts/cm/cm
r17.pfb></usr/local/texlive/2013/texmf-dist/fonts/type1/public/amsfonts/cm/cmr7
.pfb></usr/local/texlive/2013/texmf-dist/fonts/type1/public/amsfonts/cm/cmti10.
pfb>
Output written on PaperV2.pdf (18 pages, 3202342 bytes).
PDF statistics:
 139 PDF objects out of 1000 (max. 8388607)
 69 compressed objects within 1 object stream
 0 named destinations out of 1000 (max. 500000)
 101 words of extra memory for PDF output out of 10000 (max. 10000000)

