This is pdfTeX, Version 3.1415926-2.5-1.40.14 (TeX Live 2013) (format=pdflatex 2014.4.16)  11 FEB 2017 17:43
entering extended mode
 restricted \write18 enabled.
 %&-line parsing enabled.
**thesis_template.tex
(./thesis_template.tex
LaTeX2e <2011/06/27>
Babel <3.9f> and hyphenation patterns for 78 languages loaded.
(/usr/local/texlive/2013/texmf-dist/tex/latex/base/article.cls
Document Class: article 2007/10/19 v1.4h Standard LaTeX document class
(/usr/local/texlive/2013/texmf-dist/tex/latex/base/size12.clo
File: size12.clo 2007/10/19 v1.4h Standard LaTeX file (size option)
)
\c@part=\count79
\c@section=\count80
\c@subsection=\count81
\c@subsubsection=\count82
\c@paragraph=\count83
\c@subparagraph=\count84
\c@figure=\count85
\c@table=\count86
\abovecaptionskip=\skip41
\belowcaptionskip=\skip42
\bibindent=\dimen102
)
(/usr/local/texlive/2013/texmf-dist/tex/latex/amsmath/amsmath.sty
Package: amsmath 2013/01/14 v2.14 AMS math features
\@mathmargin=\skip43

For additional information on amsmath, use the `?' option.
(/usr/local/texlive/2013/texmf-dist/tex/latex/amsmath/amstext.sty
Package: amstext 2000/06/29 v2.01

(/usr/local/texlive/2013/texmf-dist/tex/latex/amsmath/amsgen.sty
File: amsgen.sty 1999/11/30 v2.0
\@emptytoks=\toks14
\ex@=\dimen103
))
(/usr/local/texlive/2013/texmf-dist/tex/latex/amsmath/amsbsy.sty
Package: amsbsy 1999/11/29 v1.2d
\pmbraise@=\dimen104
)
(/usr/local/texlive/2013/texmf-dist/tex/latex/amsmath/amsopn.sty
Package: amsopn 1999/12/14 v2.01 operator names
)
\inf@bad=\count87
LaTeX Info: Redefining \frac on input line 210.
\uproot@=\count88
\leftroot@=\count89
LaTeX Info: Redefining \overline on input line 306.
\classnum@=\count90
\DOTSCASE@=\count91
LaTeX Info: Redefining \ldots on input line 378.
LaTeX Info: Redefining \dots on input line 381.
LaTeX Info: Redefining \cdots on input line 466.
\Mathstrutbox@=\box26
\strutbox@=\box27
\big@size=\dimen105
LaTeX Font Info:    Redeclaring font encoding OML on input line 566.
LaTeX Font Info:    Redeclaring font encoding OMS on input line 567.
\macc@depth=\count92
\c@MaxMatrixCols=\count93
\dotsspace@=\muskip10
\c@parentequation=\count94
\dspbrk@lvl=\count95
\tag@help=\toks15
\row@=\count96
\column@=\count97
\maxfields@=\count98
\andhelp@=\toks16
\eqnshift@=\dimen106
\alignsep@=\dimen107
\tagshift@=\dimen108
\tagwidth@=\dimen109
\totwidth@=\dimen110
\lineht@=\dimen111
\@envbody=\toks17
\multlinegap=\skip44
\multlinetaggap=\skip45
\mathdisplay@stack=\toks18
LaTeX Info: Redefining \[ on input line 2665.
LaTeX Info: Redefining \] on input line 2666.
)
(/usr/local/texlive/2013/texmf-dist/tex/latex/amsfonts/amssymb.sty
Package: amssymb 2013/01/14 v3.01 AMS font symbols

(/usr/local/texlive/2013/texmf-dist/tex/latex/amsfonts/amsfonts.sty
Package: amsfonts 2013/01/14 v3.01 Basic AMSFonts support
\symAMSa=\mathgroup4
\symAMSb=\mathgroup5
LaTeX Font Info:    Overwriting math alphabet `\mathfrak' in version `bold'
(Font)                  U/euf/m/n --> U/euf/b/n on input line 106.
))
(/usr/local/texlive/2013/texmf-dist/tex/latex/amscls/amsthm.sty
Package: amsthm 2004/08/06 v2.20
\thm@style=\toks19
\thm@bodyfont=\toks20
\thm@headfont=\toks21
\thm@notefont=\toks22
\thm@headpunct=\toks23
\thm@preskip=\skip46
\thm@postskip=\skip47
\thm@headsep=\skip48
\dth@everypar=\toks24
)
(/usr/local/texlive/2013/texmf-dist/tex/latex/graphics/graphicx.sty
Package: graphicx 1999/02/16 v1.0f Enhanced LaTeX Graphics (DPC,SPQR)

(/usr/local/texlive/2013/texmf-dist/tex/latex/graphics/keyval.sty
Package: keyval 1999/03/16 v1.13 key=value parser (DPC)
\KV@toks@=\toks25
)
(/usr/local/texlive/2013/texmf-dist/tex/latex/graphics/graphics.sty
Package: graphics 2009/02/05 v1.0o Standard LaTeX Graphics (DPC,SPQR)

(/usr/local/texlive/2013/texmf-dist/tex/latex/graphics/trig.sty
Package: trig 1999/03/16 v1.09 sin cos tan (DPC)
)
(/usr/local/texlive/2013/texmf-dist/tex/latex/latexconfig/graphics.cfg
File: graphics.cfg 2010/04/23 v1.9 graphics configuration of TeX Live
)
Package graphics Info: Driver file: pdftex.def on input line 91.

(/usr/local/texlive/2013/texmf-dist/tex/latex/pdftex-def/pdftex.def
File: pdftex.def 2011/05/27 v0.06d Graphics/color for pdfTeX

(/usr/local/texlive/2013/texmf-dist/tex/generic/oberdiek/infwarerr.sty
Package: infwarerr 2010/04/08 v1.3 Providing info/warning/error messages (HO)
)
(/usr/local/texlive/2013/texmf-dist/tex/generic/oberdiek/ltxcmds.sty
Package: ltxcmds 2011/11/09 v1.22 LaTeX kernel commands for general use (HO)
)
\Gread@gobject=\count99
))
\Gin@req@height=\dimen112
\Gin@req@width=\dimen113
)
(/usr/local/texlive/2013/texmf-dist/tex/latex/hyperref/hyperref.sty
Package: hyperref 2012/11/06 v6.83m Hypertext links for LaTeX

(/usr/local/texlive/2013/texmf-dist/tex/generic/oberdiek/hobsub-hyperref.sty
Package: hobsub-hyperref 2012/05/28 v1.13 Bundle oberdiek, subset hyperref (HO)


(/usr/local/texlive/2013/texmf-dist/tex/generic/oberdiek/hobsub-generic.sty
Package: hobsub-generic 2012/05/28 v1.13 Bundle oberdiek, subset generic (HO)
Package: hobsub 2012/05/28 v1.13 Construct package bundles (HO)
Package hobsub Info: Skipping package `infwarerr' (already loaded).
Package hobsub Info: Skipping package `ltxcmds' (already loaded).
Package: ifluatex 2010/03/01 v1.3 Provides the ifluatex switch (HO)
Package ifluatex Info: LuaTeX not detected.
Package: ifvtex 2010/03/01 v1.5 Detect VTeX and its facilities (HO)
Package ifvtex Info: VTeX not detected.
Package: intcalc 2007/09/27 v1.1 Expandable calculations with integers (HO)
Package: ifpdf 2011/01/30 v2.3 Provides the ifpdf switch (HO)
Package ifpdf Info: pdfTeX in PDF mode is detected.
Package: etexcmds 2011/02/16 v1.5 Avoid name clashes with e-TeX commands (HO)
Package etexcmds Info: Could not find \expanded.
(etexcmds)             That can mean that you are not using pdfTeX 1.50 or
(etexcmds)             that some package has redefined \expanded.
(etexcmds)             In the latter case, load this package earlier.
Package: kvsetkeys 2012/04/25 v1.16 Key value parser (HO)
Package: kvdefinekeys 2011/04/07 v1.3 Define keys (HO)
Package: pdftexcmds 2011/11/29 v0.20 Utility functions of pdfTeX for LuaTeX (HO
)
Package pdftexcmds Info: LuaTeX not detected.
Package pdftexcmds Info: \pdf@primitive is available.
Package pdftexcmds Info: \pdf@ifprimitive is available.
Package pdftexcmds Info: \pdfdraftmode found.
Package: pdfescape 2011/11/25 v1.13 Implements pdfTeX's escape features (HO)
Package: bigintcalc 2012/04/08 v1.3 Expandable calculations on big integers (HO
)
Package: bitset 2011/01/30 v1.1 Handle bit-vector datatype (HO)
Package: uniquecounter 2011/01/30 v1.2 Provide unlimited unique counter (HO)
)
Package hobsub Info: Skipping package `hobsub' (already loaded).
Package: letltxmacro 2010/09/02 v1.4 Let assignment for LaTeX macros (HO)
Package: hopatch 2012/05/28 v1.2 Wrapper for package hooks (HO)
Package: xcolor-patch 2011/01/30 xcolor patch
Package: atveryend 2011/06/30 v1.8 Hooks at the very end of document (HO)
Package atveryend Info: \enddocument detected (standard20110627).
Package: atbegshi 2011/10/05 v1.16 At begin shipout hook (HO)
Package: refcount 2011/10/16 v3.4 Data extraction from label references (HO)
Package: hycolor 2011/01/30 v1.7 Color options for hyperref/bookmark (HO)
)
(/usr/local/texlive/2013/texmf-dist/tex/generic/ifxetex/ifxetex.sty
Package: ifxetex 2010/09/12 v0.6 Provides ifxetex conditional
)
(/usr/local/texlive/2013/texmf-dist/tex/latex/oberdiek/auxhook.sty
Package: auxhook 2011/03/04 v1.3 Hooks for auxiliary files (HO)
)
(/usr/local/texlive/2013/texmf-dist/tex/latex/oberdiek/kvoptions.sty
Package: kvoptions 2011/06/30 v3.11 Key value format for package options (HO)
)
\@linkdim=\dimen114
\Hy@linkcounter=\count100
\Hy@pagecounter=\count101

(/usr/local/texlive/2013/texmf-dist/tex/latex/hyperref/pd1enc.def
File: pd1enc.def 2012/11/06 v6.83m Hyperref: PDFDocEncoding definition (HO)
)
\Hy@SavedSpaceFactor=\count102

(/usr/local/texlive/2013/texmf-dist/tex/latex/latexconfig/hyperref.cfg
File: hyperref.cfg 2002/06/06 v1.2 hyperref configuration of TeXLive
)
Package hyperref Info: Hyper figures OFF on input line 4443.
Package hyperref Info: Link nesting OFF on input line 4448.
Package hyperref Info: Hyper index ON on input line 4451.
Package hyperref Info: Plain pages OFF on input line 4458.
Package hyperref Info: Backreferencing OFF on input line 4463.
Package hyperref Info: Implicit mode ON; LaTeX internals redefined.
Package hyperref Info: Bookmarks ON on input line 4688.
\c@Hy@tempcnt=\count103

(/usr/local/texlive/2013/texmf-dist/tex/latex/url/url.sty
\Urlmuskip=\muskip11
Package: url 2006/04/12  ver 3.3  Verb mode for urls, etc.
)
LaTeX Info: Redefining \url on input line 5041.
\XeTeXLinkMargin=\dimen115
\Fld@menulength=\count104
\Field@Width=\dimen116
\Fld@charsize=\dimen117
Package hyperref Info: Hyper figures OFF on input line 6295.
Package hyperref Info: Link nesting OFF on input line 6300.
Package hyperref Info: Hyper index ON on input line 6303.
Package hyperref Info: backreferencing OFF on input line 6310.
Package hyperref Info: Link coloring OFF on input line 6315.
Package hyperref Info: Link coloring with OCG OFF on input line 6320.
Package hyperref Info: PDF/A mode OFF on input line 6325.
LaTeX Info: Redefining \ref on input line 6365.
LaTeX Info: Redefining \pageref on input line 6369.
\Hy@abspage=\count105
\c@Item=\count106
\c@Hfootnote=\count107
)

Package hyperref Message: Driver (autodetected): hpdftex.

(/usr/local/texlive/2013/texmf-dist/tex/latex/hyperref/hpdftex.def
File: hpdftex.def 2012/11/06 v6.83m Hyperref driver for pdfTeX
\Fld@listcount=\count108
\c@bookmark@seq@number=\count109

(/usr/local/texlive/2013/texmf-dist/tex/latex/oberdiek/rerunfilecheck.sty
Package: rerunfilecheck 2011/04/15 v1.7 Rerun checks for auxiliary files (HO)
Package uniquecounter Info: New unique counter `rerunfilecheck' on input line 2
82.
)
\Hy@SectionHShift=\skip49
)
(/usr/local/texlive/2013/texmf-dist/tex/latex/natbib/natbib.sty
Package: natbib 2010/09/13 8.31b (PWD, AO)
\bibhang=\skip50
\bibsep=\skip51
LaTeX Info: Redefining \cite on input line 694.
\c@NAT@ctr=\count110
)
(/usr/local/texlive/2013/texmf-dist/tex/latex/caption/caption2.sty
Package: caption2 2013/02/03 v2.2-62 Customising captions (AR)


Package caption2 Warning: ****************************************************
(caption2)                THIS PACKAGE IS OBSOLETE:
(caption2)                This package attempts to provide an `caption2'
(caption2)                package v2.0/2.1 author environment so that OLD
(caption2)                documents can be successfully processed. It should
(caption2)                NOT be used for NEW documents! New documents should
(caption2)                use the regular `caption' package v3.x instead.
(caption2)                ****************************************************

(/usr/local/texlive/2013/texmf-dist/tex/latex/caption/caption3.sty
Package: caption3 2013/05/02 v1.6-88 caption3 kernel (AR)
Package caption3 Info: TeX engine: e-TeX on input line 57.
\captionmargin=\dimen118
\captionmargin@=\dimen119
\captionwidth=\dimen120
\caption@tempdima=\dimen121
\caption@indent=\dimen122
\caption@parindent=\dimen123
\caption@hangindent=\dimen124
)
Package caption2 Info: Running in caption2 v2.0 compatibility mode on input lin
e 215.
\captionlinewidth=\dimen125
\realcaptionwidth=\dimen126
)
(/usr/local/texlive/2013/texmf-dist/tex/latex/placeins/placeins.sty
Package: placeins 2005/04/18  v 2.2
)
(/usr/local/texlive/2013/texmf-dist/tex/latex/geometry/geometry.sty
Package: geometry 2010/09/12 v5.6 Page Geometry
\Gm@cnth=\count111
\Gm@cntv=\count112
\c@Gm@tempcnt=\count113
\Gm@bindingoffset=\dimen127
\Gm@wd@mp=\dimen128
\Gm@odd@mp=\dimen129
\Gm@even@mp=\dimen130
\Gm@layoutwidth=\dimen131
\Gm@layoutheight=\dimen132
\Gm@layouthoffset=\dimen133
\Gm@layoutvoffset=\dimen134
\Gm@dimlist=\toks26
)
(/usr/local/texlive/2013/texmf-dist/tex/latex/koma-script/scrpage2.sty
Package: scrpage2 2010/04/22 v2.5 LaTeX2e KOMA-Script package
)
(./thesis_template.aux)
\openout1 = `thesis_template.aux'.

LaTeX Font Info:    Checking defaults for OML/cmm/m/it on input line 69.
LaTeX Font Info:    ... okay on input line 69.
LaTeX Font Info:    Checking defaults for T1/cmr/m/n on input line 69.
LaTeX Font Info:    ... okay on input line 69.
LaTeX Font Info:    Checking defaults for OT1/cmr/m/n on input line 69.
LaTeX Font Info:    ... okay on input line 69.
LaTeX Font Info:    Checking defaults for OMS/cmsy/m/n on input line 69.
LaTeX Font Info:    ... okay on input line 69.
LaTeX Font Info:    Checking defaults for OMX/cmex/m/n on input line 69.
LaTeX Font Info:    ... okay on input line 69.
LaTeX Font Info:    Checking defaults for U/cmr/m/n on input line 69.
LaTeX Font Info:    ... okay on input line 69.
LaTeX Font Info:    Checking defaults for PD1/pdf/m/n on input line 69.
LaTeX Font Info:    ... okay on input line 69.

(/usr/local/texlive/2013/texmf-dist/tex/context/base/supp-pdf.mkii
[Loading MPS to PDF converter (version 2006.09.02).]
\scratchcounter=\count114
\scratchdimen=\dimen135
\scratchbox=\box28
\nofMPsegments=\count115
\nofMParguments=\count116
\everyMPshowfont=\toks27
\MPscratchCnt=\count117
\MPscratchDim=\dimen136
\MPnumerator=\count118
\makeMPintoPDFobject=\count119
\everyMPtoPDFconversion=\toks28
) (/usr/local/texlive/2013/texmf-dist/tex/latex/oberdiek/epstopdf-base.sty
Package: epstopdf-base 2010/02/09 v2.5 Base part for package epstopdf

(/usr/local/texlive/2013/texmf-dist/tex/latex/oberdiek/grfext.sty
Package: grfext 2010/08/19 v1.1 Manage graphics extensions (HO)
)
Package grfext Info: Graphics extension search list:
(grfext)             [.png,.pdf,.jpg,.mps,.jpeg,.jbig2,.jb2,.PNG,.PDF,.JPG,.JPE
G,.JBIG2,.JB2,.eps]
(grfext)             \AppendGraphicsExtensions on input line 452.

(/usr/local/texlive/2013/texmf-dist/tex/latex/latexconfig/epstopdf-sys.cfg
File: epstopdf-sys.cfg 2010/07/13 v1.3 Configuration of (r)epstopdf for TeX Liv
e
))
\AtBeginShipoutBox=\box29
Package hyperref Info: Link coloring OFF on input line 69.

(/usr/local/texlive/2013/texmf-dist/tex/latex/hyperref/nameref.sty
Package: nameref 2012/10/27 v2.43 Cross-referencing by name of section

(/usr/local/texlive/2013/texmf-dist/tex/generic/oberdiek/gettitlestring.sty
Package: gettitlestring 2010/12/03 v1.4 Cleanup title references (HO)
)
\c@section@level=\count120
)
LaTeX Info: Redefining \ref on input line 69.
LaTeX Info: Redefining \pageref on input line 69.
LaTeX Info: Redefining \nameref on input line 69.

(./thesis_template.out) (./thesis_template.out)
\@outlinefile=\write3
\openout3 = `thesis_template.out'.

Package caption Info: Begin \AtBeginDocument code.
Package caption Info: End \AtBeginDocument code.

*geometry* driver: auto-detecting
*geometry* detected driver: pdftex
*geometry* verbose mode - [ preamble ] result:
* driver: pdftex
* paper: a4paper
* layout: <same size as paper>
* layoutoffset:(h,v)=(0.0pt,0.0pt)
* modes: 
* h-part:(L,W,R)=(56.9055pt, 483.69687pt, 56.9055pt)
* v-part:(T,H,B)=(56.9055pt, 731.23584pt, 56.9055pt)
* \paperwidth=597.50787pt
* \paperheight=845.04684pt
* \textwidth=483.69687pt
* \textheight=731.23584pt
* \oddsidemargin=-15.36449pt
* \evensidemargin=-15.36449pt
* \topmargin=-52.36449pt
* \headheight=12.0pt
* \headsep=25.0pt
* \topskip=12.0pt
* \footskip=30.0pt
* \marginparwidth=35.0pt
* \marginparsep=10.0pt
* \columnsep=10.0pt
* \skip\footins=10.8pt plus 4.0pt minus 2.0pt
* \hoffset=0.0pt
* \voffset=0.0pt
* \mag=1000
* \@twocolumnfalse
* \@twosidefalse
* \@mparswitchfalse
* \@reversemarginfalse
* (1in=72.27pt=25.4mm, 1cm=28.453pt)


Package scrpage2 Warning: seems you are using a constant headheight.
(scrpage2)                If you get overfull \vbox warnings at almost every
(scrpage2)                page, you should increase headheight e.g. writing
(scrpage2)                 \setlength{\headheight}{1.1\baselineskip}
(scrpage2)                into the preamble of your document.
(scrpage2)                A better solution would be to use typearea package.

(./titlepage.tex) [1

{/usr/local/texlive/2013/texmf-var/fonts/map/pdftex/updmap/pdftex.map}]
*geometry* verbose mode - [ newgeometry ] result:
* driver: pdftex
* paper: a4paper
* layout: <same size as paper>
* layoutoffset:(h,v)=(0.0pt,0.0pt)
* modes: 
* h-part:(L,W,R)=(113.81102pt, 441.01773pt, 42.67912pt)
* v-part:(T,H,B)=(71.13188pt, 702.78308pt, 71.13188pt)
* \paperwidth=597.50787pt
* \paperheight=845.04684pt
* \textwidth=441.01773pt
* \textheight=702.78308pt
* \oddsidemargin=41.54103pt
* \evensidemargin=41.54103pt
* \topmargin=-38.1381pt
* \headheight=12.0pt
* \headsep=25.0pt
* \topskip=12.0pt
* \footskip=30.0pt
* \marginparwidth=35.0pt
* \marginparsep=10.0pt
* \columnsep=10.0pt
* \skip\footins=10.8pt plus 4.0pt minus 2.0pt
* \hoffset=0.0pt
* \voffset=0.0pt
* \mag=1000
* \@twocolumnfalse
* \@twosidefalse
* \@mparswitchfalse
* \@reversemarginfalse
* (1in=72.27pt=25.4mm, 1cm=28.453pt)

 (./thesis_template.toc
LaTeX Font Info:    Try loading font information for U+msa on input line 5.

(/usr/local/texlive/2013/texmf-dist/tex/latex/amsfonts/umsa.fd
File: umsa.fd 2013/01/14 v3.01 AMS symbols A
)
LaTeX Font Info:    Try loading font information for U+msb on input line 5.

(/usr/local/texlive/2013/texmf-dist/tex/latex/amsfonts/umsb.fd
File: umsb.fd 2013/01/14 v3.01 AMS symbols B
))
\tf@toc=\write4
\openout4 = `thesis_template.toc'.


Overfull \vbox (11.09991pt too high) has occurred while \output is active []


[1

] (./abbreviations.tex
Missing character: There is no Ã in font cmr12!
Missing character: There is no ¼ in font cmr12!
Missing character: There is no Ã in font cmr12!
Missing character: There is no ¼ in font cmr12!
)
Overfull \vbox (11.09991pt too high) has occurred while \output is active []


[2

] (./thesis_template.lof)
\tf@lof=\write5
\openout5 = `thesis_template.lof'.


Overfull \vbox (11.09991pt too high) has occurred while \output is active []


[3] (./thesis_template.lot)
\tf@lot=\write6
\openout6 = `thesis_template.lot'.


Overfull \vbox (11.09991pt too high) has occurred while \output is active []


[4] (./intro.tex
Overfull \vbox (11.09991pt too high) has occurred while \output is active []

pdfTeX warning (ext4): destination with the same identifier (name{page.1}) has 
been already used, duplicate ignored
<to be read again> 
                   \relax 
l.11 	\item \textit
                   {How do these differences develop over time ?} [1]
Overfull \vbox (11.09991pt too high) has occurred while \output is active []


[2]) (./methods.tex
Overfull \vbox (11.09991pt too high) has occurred while \output is active []


[3]
Overfull \vbox (11.09991pt too high) has occurred while \output is active []


[4])
Overfull \vbox (11.09991pt too high) has occurred while \output is active []


[5] (./data.tex
Overfull \vbox (11.09991pt too high) has occurred while \output is active []


[6])
Overfull \vbox (11.09991pt too high) has occurred while \output is active []


[7] (./results.tex
Overfull \vbox (11.09991pt too high) has occurred while \output is active []


[8]
Overfull \vbox (11.09991pt too high) has occurred while \output is active []


[9])
Overfull \vbox (11.09991pt too high) has occurred while \output is active []


[10] (./conc.tex
Overfull \vbox (11.09991pt too high) has occurred while \output is active []


[11])
Overfull \vbox (11.09991pt too high) has occurred while \output is active []


[12]
Overfull \vbox (11.09991pt too high) has occurred while \output is active []


[13] (./thesis_template.bbl
Missing character: There is no â in font cmti12!
Missing character: There is no € in font cmti12!
Missing character: There is no ™ in font cmti12!
Missing character: There is no â in font cmti12!
Missing character: There is no € in font cmti12!
Missing character: There is no ™ in font cmti12!
Missing character: There is no Å in font cmcsc10!
)
Overfull \vbox (11.09991pt too high) has occurred while \output is active []


[14] (./app_figures.tex
</Users/Christian/Statistik_Studium/EconProject/Code/Graphics/plotMeanWages.png
, id=310, 2132.96875pt x 1422.31375pt>
File: /Users/Christian/Statistik_Studium/EconProject/Code/Graphics/plotMeanWage
s.png Graphic file (type png)

<use /Users/Christian/Statistik_Studium/EconProject/Code/Graphics/plotMeanWages
.png>
Package pdftex.def Info: /Users/Christian/Statistik_Studium/EconProject/Code/Gr
aphics/plotMeanWages.png used on input line 6.
(pdftex.def)             Requested size: 441.01773pt x 294.07202pt.

</Users/Christian/Statistik_Studium/EconProject/Code/Graphics/plotMeanWagesByTo
talExp.png, id=312, 2132.96875pt x 1422.31375pt>
File: /Users/Christian/Statistik_Studium/EconProject/Code/Graphics/plotMeanWage
sByTotalExp.png Graphic file (type png)

<use /Users/Christian/Statistik_Studium/EconProject/Code/Graphics/plotMeanWages
ByTotalExp.png>
Package pdftex.def Info: /Users/Christian/Statistik_Studium/EconProject/Code/Gr
aphics/plotMeanWagesByTotalExp.png used on input line 13.
(pdftex.def)             Requested size: 441.01773pt x 294.07202pt.


LaTeX Warning: `!h' float specifier changed to `!ht'.


</Users/Christian/Statistik_Studium/EconProject/Code/Graphics/plotMeanWagesByOl
dExp.png, id=313, 2132.96875pt x 1422.31375pt>
File: /Users/Christian/Statistik_Studium/EconProject/Code/Graphics/plotMeanWage
sByOldExp.png Graphic file (type png)

<use /Users/Christian/Statistik_Studium/EconProject/Code/Graphics/plotMeanWages
ByOldExp.png>
Package pdftex.def Info: /Users/Christian/Statistik_Studium/EconProject/Code/Gr
aphics/plotMeanWagesByOldExp.png used on input line 20.
(pdftex.def)             Requested size: 441.01773pt x 294.07202pt.


LaTeX Warning: `!h' float specifier changed to `!ht'.


</Users/Christian/Statistik_Studium/EconProject/Code/Graphics/plotMeanWagesByNe
wExp.png, id=314, 2132.96875pt x 1422.31375pt>
File: /Users/Christian/Statistik_Studium/EconProject/Code/Graphics/plotMeanWage
sByNewExp.png Graphic file (type png)

<use /Users/Christian/Statistik_Studium/EconProject/Code/Graphics/plotMeanWages
ByNewExp.png>
Package pdftex.def Info: /Users/Christian/Statistik_Studium/EconProject/Code/Gr
aphics/plotMeanWagesByNewExp.png used on input line 27.
(pdftex.def)             Requested size: 441.01773pt x 294.07202pt.


LaTeX Warning: `!h' float specifier changed to `!ht'.


</Users/Christian/Statistik_Studium/EconProject/Code/Graphics/plotMeanWagesByTo
talEdu.png, id=315, 2132.96875pt x 1422.31375pt>
File: /Users/Christian/Statistik_Studium/EconProject/Code/Graphics/plotMeanWage
sByTotalEdu.png Graphic file (type png)

<use /Users/Christian/Statistik_Studium/EconProject/Code/Graphics/plotMeanWages
ByTotalEdu.png>
Package pdftex.def Info: /Users/Christian/Statistik_Studium/EconProject/Code/Gr
aphics/plotMeanWagesByTotalEdu.png used on input line 34.
(pdftex.def)             Requested size: 441.01773pt x 294.07202pt.


LaTeX Warning: `!h' float specifier changed to `!ht'.


</Users/Christian/Statistik_Studium/EconProject/Code/Graphics/plotMeanWagesByOl
dEdu.png, id=316, 2132.96875pt x 1422.31375pt>
File: /Users/Christian/Statistik_Studium/EconProject/Code/Graphics/plotMeanWage
sByOldEdu.png Graphic file (type png)

<use /Users/Christian/Statistik_Studium/EconProject/Code/Graphics/plotMeanWages
ByOldEdu.png>
Package pdftex.def Info: /Users/Christian/Statistik_Studium/EconProject/Code/Gr
aphics/plotMeanWagesByOldEdu.png used on input line 41.
(pdftex.def)             Requested size: 441.01773pt x 294.07202pt.


LaTeX Warning: `!h' float specifier changed to `!ht'.


</Users/Christian/Statistik_Studium/EconProject/Code/Graphics/plotMeanExp.png, 
id=317, 2132.96875pt x 1422.31375pt>
File: /Users/Christian/Statistik_Studium/EconProject/Code/Graphics/plotMeanExp.
png Graphic file (type png)

<use /Users/Christian/Statistik_Studium/EconProject/Code/Graphics/plotMeanExp.p
ng>
Package pdftex.def Info: /Users/Christian/Statistik_Studium/EconProject/Code/Gr
aphics/plotMeanExp.png used on input line 48.
(pdftex.def)             Requested size: 441.01773pt x 294.07202pt.


LaTeX Warning: `!h' float specifier changed to `!ht'.


</Users/Christian/Statistik_Studium/EconProject/Code/Graphics/plotMeanEdu.png, 
id=318, 2132.96875pt x 1422.31375pt>
File: /Users/Christian/Statistik_Studium/EconProject/Code/Graphics/plotMeanEdu.
png Graphic file (type png)

<use /Users/Christian/Statistik_Studium/EconProject/Code/Graphics/plotMeanEdu.p
ng>
Package pdftex.def Info: /Users/Christian/Statistik_Studium/EconProject/Code/Gr
aphics/plotMeanEdu.png used on input line 55.
(pdftex.def)             Requested size: 441.01773pt x 294.07202pt.


LaTeX Warning: `!h' float specifier changed to `!ht'.


</Users/Christian/Statistik_Studium/EconProject/Code/Graphics/plotDiffCompariso
nEdu.png, id=319, 2132.96875pt x 1422.31375pt>
File: /Users/Christian/Statistik_Studium/EconProject/Code/Graphics/plotDiffComp
arisonEdu.png Graphic file (type png)

<use /Users/Christian/Statistik_Studium/EconProject/Code/Graphics/plotDiffCompa
risonEdu.png>
Package pdftex.def Info: /Users/Christian/Statistik_Studium/EconProject/Code/Gr
aphics/plotDiffComparisonEdu.png used on input line 62.
(pdftex.def)             Requested size: 441.01773pt x 294.07202pt.


LaTeX Warning: `!h' float specifier changed to `!ht'.


</Users/Christian/Statistik_Studium/EconProject/Code/Graphics/plotDiffCompariso
nExp.png, id=320, 2132.96875pt x 1422.31375pt>
File: /Users/Christian/Statistik_Studium/EconProject/Code/Graphics/plotDiffComp
arisonExp.png Graphic file (type png)

<use /Users/Christian/Statistik_Studium/EconProject/Code/Graphics/plotDiffCompa
risonExp.png>
Package pdftex.def Info: /Users/Christian/Statistik_Studium/EconProject/Code/Gr
aphics/plotDiffComparisonExp.png used on input line 69.
(pdftex.def)             Requested size: 441.01773pt x 294.07202pt.


LaTeX Warning: `!h' float specifier changed to `!ht'.


</Users/Christian/Statistik_Studium/EconProject/Code/Graphics/plotHumanCapitalE
xp.png, id=321, 2132.96875pt x 1422.31375pt>
File: /Users/Christian/Statistik_Studium/EconProject/Code/Graphics/plotHumanCap
italExp.png Graphic file (type png)

<use /Users/Christian/Statistik_Studium/EconProject/Code/Graphics/plotHumanCapi
talExp.png>
Package pdftex.def Info: /Users/Christian/Statistik_Studium/EconProject/Code/Gr
aphics/plotHumanCapitalExp.png used on input line 77.
(pdftex.def)             Requested size: 441.01773pt x 294.07202pt.


LaTeX Warning: `!h' float specifier changed to `!ht'.


</Users/Christian/Statistik_Studium/EconProject/Code/Graphics/plotHumanCapitalE
du.png, id=322, 2132.96875pt x 1422.31375pt>
File: /Users/Christian/Statistik_Studium/EconProject/Code/Graphics/plotHumanCap
italEdu.png Graphic file (type png)

<use /Users/Christian/Statistik_Studium/EconProject/Code/Graphics/plotHumanCapi
talEdu.png>
Package pdftex.def Info: /Users/Christian/Statistik_Studium/EconProject/Code/Gr
aphics/plotHumanCapitalEdu.png used on input line 84.
(pdftex.def)             Requested size: 441.01773pt x 294.07202pt.


LaTeX Warning: `!h' float specifier changed to `!ht'.


Overfull \vbox (11.09991pt too high) has occurred while \output is active []


[15 </Users/Christian/Statistik_Studium/EconProject/Code/Graphics/plotMeanWages
.png>]

LaTeX Warning: Text page 16 contains only floats.


Overfull \vbox (11.09991pt too high) has occurred while \output is active []


[16 </Users/Christian/Statistik_Studium/EconProject/Code/Graphics/plotMeanWages
ByTotalExp.png> </Users/Christian/Statistik_Studium/EconProject/Code/Graphics/p
lotMeanWagesByOldExp.png>]

LaTeX Warning: Text page 17 contains only floats.


Overfull \vbox (11.09991pt too high) has occurred while \output is active []


[17 </Users/Christian/Statistik_Studium/EconProject/Code/Graphics/plotMeanWages
ByNewExp.png> </Users/Christian/Statistik_Studium/EconProject/Code/Graphics/plo
tMeanWagesByTotalEdu.png>]

LaTeX Warning: Text page 18 contains only floats.


Overfull \vbox (11.09991pt too high) has occurred while \output is active []


[18 </Users/Christian/Statistik_Studium/EconProject/Code/Graphics/plotMeanWages
ByOldEdu.png> </Users/Christian/Statistik_Studium/EconProject/Code/Graphics/plo
tMeanExp.png>]

LaTeX Warning: Text page 19 contains only floats.


Overfull \vbox (11.09991pt too high) has occurred while \output is active []


[19 </Users/Christian/Statistik_Studium/EconProject/Code/Graphics/plotMeanEdu.p
ng> </Users/Christian/Statistik_Studium/EconProject/Code/Graphics/plotDiffCompa
risonEdu.png>]

LaTeX Warning: Text page 20 contains only floats.


Overfull \vbox (11.09991pt too high) has occurred while \output is active []


[20 </Users/Christian/Statistik_Studium/EconProject/Code/Graphics/plotDiffCompa
risonExp.png> </Users/Christian/Statistik_Studium/EconProject/Code/Graphics/plo
tHumanCapitalExp.png>])
Overfull \vbox (11.09991pt too high) has occurred while \output is active []


[21 </Users/Christian/Statistik_Studium/EconProject/Code/Graphics/plotHumanCapi
talEdu.png>]
*geometry* verbose mode - [ newgeometry ] result:
* driver: pdftex
* paper: a4paper
* layout: <same size as paper>
* layoutoffset:(h,v)=(0.0pt,0.0pt)
* modes: 
* h-part:(L,W,R)=(71.13188pt, 455.24411pt, 71.13188pt)
* v-part:(T,H,B)=(71.13188pt, 702.78308pt, 71.13188pt)
* \paperwidth=597.50787pt
* \paperheight=845.04684pt
* \textwidth=455.24411pt
* \textheight=702.78308pt
* \oddsidemargin=-1.1381pt
* \evensidemargin=-1.1381pt
* \topmargin=-38.1381pt
* \headheight=12.0pt
* \headsep=25.0pt
* \topskip=12.0pt
* \footskip=30.0pt
* \marginparwidth=35.0pt
* \marginparsep=10.0pt
* \columnsep=10.0pt
* \skip\footins=10.8pt plus 4.0pt minus 2.0pt
* \hoffset=0.0pt
* \voffset=0.0pt
* \mag=1000
* \@twocolumnfalse
* \@twosidefalse
* \@mparswitchfalse
* \@reversemarginfalse
* (1in=72.27pt=25.4mm, 1cm=28.453pt)

 (./app_tables.tex
(/Users/Christian/Statistik_Studium/EconProject/Code/Tex/Tables/WestModelsTotal
.tex
Overfull \hbox (40.47618pt too wide) in paragraph at lines 5--30
 [] 
 []

)
(/Users/Christian/Statistik_Studium/EconProject/Code/Tex/Tables/EastModelsTotal
.tex
Overfull \hbox (40.47618pt too wide) in paragraph at lines 5--30
 [] 
 []

)
(/Users/Christian/Statistik_Studium/EconProject/Code/Tex/Tables/WestModelsNewOl
d.tex
Overfull \hbox (36.21785pt too wide) in paragraph at lines 5--36
 [] 
 []

)
(/Users/Christian/Statistik_Studium/EconProject/Code/Tex/Tables/EastModelsNewOl
d.tex
Overfull \hbox (36.21785pt too wide) in paragraph at lines 5--36
 [] 
 []

))
Package atveryend Info: Empty hook `BeforeClearDocument' on input line 171.

Overfull \vbox (11.09991pt too high) has occurred while \output is active []


[22

]
Overfull \vbox (11.09991pt too high) has occurred while \output is active []


[23]
Overfull \vbox (11.09991pt too high) has occurred while \output is active []


[24]
Overfull \vbox (11.09991pt too high) has occurred while \output is active []


[25]
Overfull \vbox (11.09991pt too high) has occurred while \output is active []


[26]
Package atveryend Info: Empty hook `AfterLastShipout' on input line 171.
 (./thesis_template.aux)
Package atveryend Info: Executing hook `AtVeryEndDocument' on input line 171.
Package atveryend Info: Executing hook `AtEndAfterFileList' on input line 171.
Package rerunfilecheck Info: File `thesis_template.out' has not changed.
(rerunfilecheck)             Checksum: 32507981247692850AE6B13F9D9500AB;1344.


LaTeX Warning: Label(s) may have changed. Rerun to get cross-references right.

Package atveryend Info: Empty hook `AtVeryVeryEnd' on input line 171.
 ) 
Here is how much of TeX's memory you used:
 8010 strings out of 493315
 121314 string characters out of 6137904
 235224 words of memory out of 5000000
 11224 multiletter control sequences out of 15000+600000
 12996 words of font info for 49 fonts, out of 8000000 for 9000
 957 hyphenation exceptions out of 8191
 36i,16n,38p,1623b,413s stack positions out of 5000i,500n,10000p,200000b,80000s
</usr/local/texlive/2013/texmf-dist/fonts/type1/public/amsfonts/cm/cmbx12.pfb
></usr/local/texlive/2013/texmf-dist/fonts/type1/public/amsfonts/cm/cmcsc10.pfb
></usr/local/texlive/2013/texmf-dist/fonts/type1/public/amsfonts/cm/cmex10.pfb>
</usr/local/texlive/2013/texmf-dist/fonts/type1/public/amsfonts/cm/cmmi10.pfb><
/usr/local/texlive/2013/texmf-dist/fonts/type1/public/amsfonts/cm/cmmi12.pfb></
usr/local/texlive/2013/texmf-dist/fonts/type1/public/amsfonts/cm/cmmi6.pfb></us
r/local/texlive/2013/texmf-dist/fonts/type1/public/amsfonts/cm/cmmi8.pfb></usr/
local/texlive/2013/texmf-dist/fonts/type1/public/amsfonts/cm/cmr10.pfb></usr/lo
cal/texlive/2013/texmf-dist/fonts/type1/public/amsfonts/cm/cmr12.pfb></usr/loca
l/texlive/2013/texmf-dist/fonts/type1/public/amsfonts/cm/cmr6.pfb></usr/local/t
exlive/2013/texmf-dist/fonts/type1/public/amsfonts/cm/cmr8.pfb></usr/local/texl
ive/2013/texmf-dist/fonts/type1/public/amsfonts/cm/cmsy10.pfb></usr/local/texli
ve/2013/texmf-dist/fonts/type1/public/amsfonts/cm/cmsy5.pfb></usr/local/texlive
/2013/texmf-dist/fonts/type1/public/amsfonts/cm/cmsy6.pfb></usr/local/texlive/2
013/texmf-dist/fonts/type1/public/amsfonts/cm/cmsy8.pfb></usr/local/texlive/201
3/texmf-dist/fonts/type1/public/amsfonts/cm/cmti12.pfb>
Output written on thesis_template.pdf (31 pages, 1770983 bytes).
PDF statistics:
 462 PDF objects out of 1000 (max. 8388607)
 385 compressed objects within 4 object streams
 93 named destinations out of 1000 (max. 500000)
 245 words of extra memory for PDF output out of 10000 (max. 10000000)

