\BOOKMARK [1][-]{section*.1}{List of Abbreviations}{}% 1
\BOOKMARK [1][-]{section*.2}{List of Figures}{}% 2
\BOOKMARK [1][-]{section*.3}{List of Tables}{}% 3
\BOOKMARK [1][-]{section.1}{Introduction}{}% 4
\BOOKMARK [2][-]{subsection.1.1}{Motivation}{section.1}% 5
\BOOKMARK [2][-]{subsection.1.2}{Problem Definition}{section.1}% 6
\BOOKMARK [2][-]{subsection.1.3}{Literature Overview}{section.1}% 7
\BOOKMARK [1][-]{section.2}{Methodology}{}% 8
\BOOKMARK [2][-]{subsection.2.1}{Approach}{section.2}% 9
\BOOKMARK [2][-]{subsection.2.2}{Models}{section.2}% 10
\BOOKMARK [1][-]{section.3}{Data and Descriptive Evidence}{}% 11
\BOOKMARK [2][-]{subsection.3.1}{Distribution of Wages}{section.3}% 12
\BOOKMARK [2][-]{subsection.3.2}{Distribution of Explanatory Variables}{section.3}% 13
\BOOKMARK [1][-]{section.4}{Results}{}% 14
\BOOKMARK [2][-]{subsection.4.1}{Experience}{section.4}% 15
\BOOKMARK [2][-]{subsection.4.2}{Education}{section.4}% 16
\BOOKMARK [1][-]{section.5}{Conclusions}{}% 17
\BOOKMARK [2][-]{subsection.5.1}{Research Questions}{section.5}% 18
\BOOKMARK [2][-]{subsection.5.2}{Policy Implications}{section.5}% 19
\BOOKMARK [2][-]{subsection.5.3}{Limitations / Future Research}{section.5}% 20
\BOOKMARK [1][-]{subsection.5.3}{References}{}% 21
\BOOKMARK [1][-]{appendix.A}{Figures}{}% 22
\BOOKMARK [1][-]{appendix.B}{Tables}{}% 23
